"../../../Engine/Content/EditorBlueprintResources/StandardMacros.uasset" 0
"../../../../../../Users/El fideo rubio/Documents/Unreal Projects/JunkRats/Content/ExampleAdvancedSessionsFunctionsChar.uasset" 1
"../../../../../../Users/El fideo rubio/Documents/Unreal Projects/JunkRats/Content/MultiplayerTemplate/Blueprints/Lobby/WBP_Friendlist_Entry.uasset" 2
"../../../../../../Users/El fideo rubio/Documents/Unreal Projects/JunkRats/Content/MultiplayerTemplate/Blueprints/Lobby/WBP_FriendList.uasset" 3
"../../../Engine/Content/Animation/DefaultAnimCurveCompressionSettings.uasset" 4
"../../../Engine/Content/Functions/Engine_MaterialFunctions01/Opacity/CameraDepthFade.uasset" 5
"../../../Engine/Content/EngineMaterials/T_Default_Material_Grid_M.uasset" 6
"../../../Engine/Content/EngineMaterials/T_Default_Material_Grid_N.uasset" 7
"../../../Engine/Content/EngineMaterials/WorldGridMaterial.uasset" 8
"../../../Engine/Content/ArtTools/RenderToTexture/Meshes/S_1_Unit_Plane.uasset" 9
"../../../Engine/Content/EngineMaterials/DefaultMaterial.uasset" 10
"../../../Engine/Content/BasicShapes/Cone.uasset" 11
"../../../Engine/Content/BasicShapes/Cube.uasset" 12
"../../../Engine/Content/BasicShapes/Plane.uasset" 13
"../../../Engine/Content/BasicShapes/Sphere.uasset" 14
"../../../Engine/Content/EditorLandscapeResources/DataLayer.uasset" 15
"../../../Engine/Content/EditorMaterials/GizmoMaterial.uasset" 16
"../../../Engine/Content/EditorMaterials/MAT_Groups_Toggle.uasset" 17
"../../../Engine/Content/EditorMaterials/MAT_Groups_Visibility.uasset" 18
"../../../Engine/Content/EditorMaterials/PreviewShadowIndicator.uasset" 19
"../../../Engine/Content/EditorMaterials/PreviewShadowIndicatorMaterial.uasset" 20
"../../../Engine/Content/EditorMaterials/MatineeGroups/MAT_ColorTrack.uasset" 21
"../../../Engine/Content/EditorMaterials/MatineeGroups/MAT_Groups_Anim.uasset" 22
"../../../Engine/Content/EditorMaterials/MatineeGroups/MAT_Groups_AudioMaster.uasset" 23
"../../../Engine/Content/EditorMaterials/MatineeGroups/MAT_Groups_Director.uasset" 24
"../../../Engine/Content/EditorMaterials/MatineeGroups/MAT_Groups_Event.uasset" 25
"../../../Engine/Content/EditorMaterials/MatineeGroups/MAT_Groups_Fade.uasset" 26
"../../../Engine/Content/EditorMaterials/MatineeGroups/MAT_Groups_Float.uasset" 27
"../../../Engine/Content/EditorMaterials/MatineeGroups/MAT_Groups_Move.uasset" 28
"../../../Engine/Content/EditorMaterials/MatineeGroups/MAT_Groups_Slomo.uasset" 29
"../../../Engine/Content/EditorMaterials/MatineeGroups/MAT_Groups_Sound.uasset" 30
"../../../Engine/Content/EditorMaterials/MatineeGroups/MAT_Groups_Vector.uasset" 31
"../../../Engine/Content/EditorMaterials/ParticleSystems/PSysThumbnail_NoImage.uasset" 32
"../../../Engine/Content/EditorMaterials/ParticleSystems/PSysThumbnail_OOD.uasset" 33
"../../../Engine/Content/EditorMaterials/Camera/CineMat.uasset" 34
"../../../Engine/Content/EditorMaterials/Camera/MI_CineMat_Rig.uasset" 35
"../../../Engine/Content/EditorMeshes/Camera/SM_CraneRig_Arm.uasset" 36
"../../../Engine/Content/EditorMeshes/Camera/SM_CraneRig_Base.uasset" 37
"../../../Engine/Content/EditorMeshes/Camera/SM_CraneRig_Body.uasset" 38
"../../../Engine/Content/EditorMeshes/Camera/SM_CraneRig_Mount.uasset" 39
"../../../Engine/Content/EditorMeshes/Camera/SM_RailRig_Mount.uasset" 40
"../../../Engine/Content/EditorMeshes/Camera/SM_RailRig_Track.uasset" 41
"../../../Engine/Content/EditorResources/BSPVertex.uasset" 42
"../../../Engine/Content/EditorResources/EmptyActor.uasset" 43
"../../../Engine/Content/EditorResources/S_Actor.uasset" 44
"../../../Engine/Content/EditorResources/S_Note.uasset" 45
"../../../Engine/Content/EditorResources/S_Trigger.uasset" 46
"../../../Engine/Content/EditorResources/LightIcons/S_LightError.uasset" 47
"../../../Engine/Content/EditorResources/SequenceRecorder/Countdown.uasset" 48
"../../../Engine/Content/EditorResources/SequenceRecorder/RecordingIndicator.uasset" 49
"../../../Engine/Content/EditorSounds/Notifications/CompileFailed.uasset" 50
"../../../Engine/Content/EditorSounds/Notifications/CompileFailed_Cue.uasset" 51
"../../../Engine/Content/EditorSounds/Notifications/CompileSuccess.uasset" 52
"../../../Engine/Content/EditorSounds/Notifications/CompileStart_Cue.uasset" 53
"../../../Engine/Content/EditorSounds/Notifications/CompileSuccess_Cue.uasset" 54
"../../../Engine/Content/EngineDamageTypes/DmgTypeBP_Environmental.uasset" 55
"../../../Engine/Content/EngineDebugMaterials/HeatmapGradient.uasset" 56
"../../../Engine/Content/EngineDebugMaterials/BoneWeightMaterial.uasset" 57
"../../../Engine/Content/EngineDebugMaterials/ClothMaterial.uasset" 58
"../../../Engine/Content/EngineDebugMaterials/ClothMaterial_WF.uasset" 59
"../../../Engine/Content/EngineDebugMaterials/DebugEditorMaterial.uasset" 60
"../../../Engine/Content/EngineDebugMaterials/DebugMeshMaterial.uasset" 61
"../../../Engine/Content/EngineDebugMaterials/GeomMaterial.uasset" 62
"../../../Engine/Content/EngineDebugMaterials/M_SimpleTranslucent.uasset" 63
"../../../Engine/Content/EngineFonts/Faces/RobotoBold.uasset" 64
"../../../Engine/Content/EngineFonts/Faces/RobotoBoldItalic.uasset" 65
"../../../Engine/Content/EngineFonts/Faces/RobotoItalic.uasset" 66
"../../../Engine/Content/EngineFonts/Faces/RobotoLight.uasset" 67
"../../../Engine/Content/EngineFonts/Faces/RobotoRegular.uasset" 68
"../../../Engine/Content/EngineFonts/Roboto.uasset" 69
"../../../Engine/Content/EngineFonts/Faces/RobotoTiny.uasset" 70
"../../../Engine/Content/EngineFonts/RobotoTiny.uasset" 71
"../../../Engine/Content/EngineMaterials/BaseFlattenDiffuseMap.uasset" 72
"../../../Engine/Content/EngineMaterials/BaseFlattenEmissiveMap.uasset" 73
"../../../Engine/Content/EngineMaterials/BaseFlattenGrayscaleMap.uasset" 74
"../../../Engine/Content/EngineMaterials/BaseFlattenNormalMap.uasset" 75
"../../../Engine/Content/EngineMaterials/BaseFlattenMaterial.uasset" 76
"../../../Engine/Content/EngineMaterials/DefaultBloomKernel.uasset" 77
"../../../Engine/Content/EngineMaterials/DefaultBokeh.uasset" 78
"../../../Engine/Content/EngineMaterials/DefaultDiffuse.uasset" 79
"../../../Engine/Content/EngineMaterials/DefaultDeferredDecalMaterial.uasset" 80
"../../../Engine/Content/EngineMaterials/DefaultLightFunctionMaterial.uasset" 81
"../../../Engine/Content/EngineMaterials/DefaultPhysicalMaterial.uasset" 82
"../../../Engine/Content/Functions/Engine_MaterialFunctions02/Utility/BreakOutFloat2Components.uasset" 83
"../../../Engine/Content/EngineMaterials/DefaultPostProcessMaterial.uasset" 84
"../../../Engine/Content/EngineFonts/RobotoDistanceField.uasset" 85
"../../../Engine/Content/EngineMaterials/DefaultTextMaterialOpaque.uasset" 86
"../../../Engine/Content/EngineMaterials/DefaultWhiteGrid.uasset" 87
"../../../Engine/Content/EngineMaterials/EditorBrushMaterial.uasset" 88
"../../../Engine/Content/EngineMaterials/Good64x64TilingNoiseHighFreq.uasset" 89
"../../../Engine/Content/EngineMaterials/MiniFont.uasset" 90
"../../../Engine/Content/EngineMaterials/InvalidLightmapSettings.uasset" 91
"../../../Engine/Content/EngineMaterials/M_InvalidLightmapSettings.uasset" 92
"../../../Engine/Content/Functions/Engine_MaterialFunctions02/WorldPositionOffset/CameraOffset.uasset" 93
"../../../Engine/Content/EngineMaterials/PhAT_JointLimitMaterial.uasset" 94
"../../../Engine/Content/EngineMaterials/PreintegratedSkinBRDF.uasset" 95
"../../../Engine/Content/EngineMaterials/RemoveSurfaceMaterial.uasset" 96
"../../../Engine/Content/EngineMaterials/WeightMapPlaceholderTexture.uasset" 97
"../../../Engine/Content/EngineResources/WhiteSquareTexture.uasset" 98
"../../../Engine/Content/EngineMaterials/Widget3DPassThrough.uasset" 99
"../../../Engine/Content/EngineMaterials/Widget3DPassThrough_Masked.uasset" 100
"../../../Engine/Content/EngineMaterials/Widget3DPassThrough_Opaque.uasset" 101
"../../../Engine/Content/EngineMaterials/Widget3DPassThrough_Masked_OneSided.uasset" 102
"../../../Engine/Content/EngineMaterials/Widget3DPassThrough_Opaque_OneSided.uasset" 103
"../../../Engine/Content/EngineMaterials/Widget3DPassThrough_Translucent.uasset" 104
"../../../Engine/Content/EngineMaterials/Widget3DPassThrough_Translucent_OneSided.uasset" 105
"../../../Engine/Content/EngineMeshes/Cylinder.uasset" 106
"../../../Engine/Content/EngineMeshes/Sphere.uasset" 107
"../../../Engine/Content/EngineResources/Black.uasset" 108
"../../../Engine/Content/EngineResources/DefaultTexture.uasset" 109
"../../../Engine/Content/EngineResources/DefaultTextureCube.uasset" 110
"../../../Engine/Content/EngineResources/DefaultVolumeTexture2D.uasset" 111
"../../../Engine/Content/EngineResources/DefaultVolumeTexture.uasset" 112
"../../../Engine/Content/EngineResources/GradientTexture0.uasset" 113
"../../../Engine/Content/EngineSounds/Master.uasset" 114
"../../../Engine/Content/Functions/Engine_MaterialFunctions01/Shading/ConvertFromDiffSpec.uasset" 115
"../../../Engine/Content/Functions/Engine_MaterialFunctions01/Shading/PowerToRoughness.uasset" 116
"../../../Engine/Content/Maps/Templates/Thumbnails/Default.uasset" 117
"../../../Engine/Content/Maps/Templates/Thumbnails/VR-Basic.uasset" 118
"../../../Engine/Content/MobileResources/T_MobileControls_texture.uasset" 119
"../../../Engine/Content/MobileResources/T_MobileMenu2.uasset" 120
"../../../Engine/Content/MobileResources/HUD/AnalogHat.uasset" 121
"../../../Engine/Content/MobileResources/HUD/VirtualJoystick_Background.uasset" 122
"../../../Engine/Content/MobileResources/HUD/VirtualJoystick_Thumb.uasset" 123
"../../../Engine/Content/MobileResources/HUD/DefaultVirtualJoysticks.uasset" 124
"../../../Engine/Content/MobileResources/HUD/LeftVirtualJoystickOnly.uasset" 125
"../../../Engine/Content/MobileResources/HUD/MobileHUDButton1_off.uasset" 126
"../../../Engine/Content/MobileResources/HUD/MobileHUDButton1_on.uasset" 127
"../../../Engine/Content/MobileResources/HUD/MobileHUDButton2_off.uasset" 128
"../../../Engine/Content/MobileResources/HUD/MobileHUDButton2_on.uasset" 129
"../../../Engine/Content/MobileResources/HUD/MobileHUDButton3.uasset" 130
"../../../Engine/Content/MobileResources/HUD/MobileHUDButtonFire.uasset" 131
"../../../Engine/Content/MobileResources/HUD/MobileHUDDirectionPad.uasset" 132
"../../../Engine/Content/MobileResources/HUD/MobileHUDDirectionPad2.uasset" 133
"../../../Engine/Content/MobileResources/HUD/MobileHUDDirectionPad3.uasset" 134
"../../../Engine/Content/MobileResources/HUD/MobileHUDDirectionStick.uasset" 135
"../../../Engine/Content/MobileResources/HUD/T_Castle_ThumbstickInner.uasset" 136
"../../../Engine/Content/MobileResources/HUD/T_Castle_ThumbstickOutter.uasset" 137
"../../../Engine/Content/Tutorial/ContentIntroCurve.uasset" 138
"../../../Engine/Content/Tutorial/Basics/LevelEditorAttract.uasset" 139
"../../../Engine/Content/Tutorial/Basics/TutorialAssets/icon_tab_Levels_40x.uasset" 140
"../../../Engine/Content/Tutorial/Basics/LevelEditorOverview.uasset" 141
"../../../Engine/Content/Tutorial/BlueprintTutorials/TutorialAssets/Blueprint_64x.uasset" 142
"../../../Engine/Content/Tutorial/BlueprintTutorials/BlueprintEditorTutorial.uasset" 143
"../../../Engine/Content/Tutorial/Installation/InstallingVisualStudioTutorial.uasset" 144
"../../../Engine/Content/Tutorial/Mobile/TutorialAssets/IOS.uasset" 145
"../../../Engine/Content/Tutorial/Mobile/InstallingiTunesTutorial.uasset" 146
"../../../Engine/Content/Tutorial/SubEditors/GettingSubstance.uasset" 147
"../../../Engine/Content/VREditor/LaserPointer/VR_LaserPower_01.uasset" 148
"../../../Engine/Content/VREditor/TransformGizmo/TransformGizmoMaterial.uasset" 149
"../../../Engine/Content/VREditor/TransformGizmo/TranslucentTransformGizmoMaterial.uasset" 150
"../../../Engine/Content/VREditor/TransformGizmo/BoundingBoxCorner.uasset" 151
"../../../Engine/Content/VREditor/TransformGizmo/BoundingBoxEdge.uasset" 152
"../../../Engine/Content/VREditor/TransformGizmo/PlaneTranslationHandle.uasset" 153
"../../../Engine/Content/VREditor/TransformGizmo/Main.uasset" 154
"../../../Engine/Content/VREditor/TransformGizmo/Xray.uasset" 155
"../../../Engine/Content/VREditor/TransformGizmo/SM_Sequencer_Key.uasset" 156
"../../../Engine/Content/VREditor/TransformGizmo/SM_Sequencer_Node.uasset" 157
"../../Plugins/2D/Paper2D/Content/PlaceholderTextures/DummySpriteTexture.uasset" 158
"../../Plugins/2D/Paper2D/Content/DummySprite.uasset" 159
"../../Plugins/2D/Paper2D/Content/DefaultPaperTerrainMaterial.uasset" 160
"../../Plugins/2D/Paper2D/Content/DummySpriteTexture.uasset" 161
"../../Plugins/2D/Paper2D/Content/DefaultSpriteMaterial.uasset" 162
"../../Plugins/2D/Paper2D/Content/MaskedUnlitSpriteMaterial.uasset" 163
"../../Plugins/2D/Paper2D/Content/OpaqueUnlitSpriteMaterial.uasset" 164
"../../Plugins/Runtime/Oculus/OculusVR/Content/OculusMR_RenderTarget.uasset" 165
"../../../Engine/Content/Functions/Engine_MaterialFunctions02/Utility/BreakOutFloat4Components.uasset" 166
"../../../Engine/Content/Functions/Engine_MaterialFunctions02/Utility/MakeFloat2.uasset" 167
"../../../Engine/Content/Functions/Engine_MaterialFunctions02/Utility/MakeFloat3.uasset" 168
"../../Plugins/Runtime/Oculus/OculusVR/Content/Materials/OculusMR_ChromaKey.uasset" 169
"../../Plugins/Runtime/Oculus/OculusVR/Content/Materials/OculusMR_ChromaKey_Lit.uasset" 170
"../../Plugins/Runtime/Oculus/OculusVR/Content/Materials/OculusMR_OpaqueColoredMaterial.uasset" 171
"../../Plugins/Runtime/Oculus/OculusVR/Content/Materials/OculusMR_WhiteMaterial.uasset" 172
"../../Plugins/Runtime/Oculus/OculusVR/Content/Materials/PokeAHoleMaterial.uasset" 173
"../../Plugins/Runtime/Oculus/OculusVR/Content/Textures/GearVRController_AO.uasset" 174
"../../Plugins/Runtime/Oculus/OculusVR/Content/Textures/GearVRController_Color.uasset" 175
"../../Plugins/Runtime/Oculus/OculusVR/Content/Textures/GearVRController_Normal.uasset" 176
"../../Plugins/Runtime/Oculus/OculusVR/Content/Materials/GearVRControllerMaterial.uasset" 177
"../../Plugins/Runtime/Oculus/OculusVR/Content/Meshes/GearVrController.uasset" 178
"../../Plugins/Runtime/Oculus/OculusVR/Content/Textures/touchController_albedo.uasset" 179
"../../Plugins/Runtime/Oculus/OculusVR/Content/Textures/touchController_controlmap.uasset" 180
"../../Plugins/Runtime/Oculus/OculusVR/Content/Materials/touchController_mat.uasset" 181
"../../Plugins/Runtime/Oculus/OculusVR/Content/Meshes/LeftTouchController.uasset" 182
"../../Plugins/Runtime/Oculus/OculusVR/Content/Meshes/RiftHMD.uasset" 183
"../../Plugins/Runtime/Oculus/OculusVR/Content/Meshes/RightTouchController.uasset" 184
"../../../Engine/Content/EngineSky/C_Sky_Cloud_Color.uasset" 185
"../../../Engine/Content/EngineSky/C_Sky_Horizon_Color.uasset" 186
"../../../Engine/Content/EngineSky/C_Sky_Zenith_Color.uasset" 187
"../../../Engine/Content/EngineSky/T_Sky_Blue.uasset" 188
"../../../Engine/Content/EngineSky/T_Sky_Clouds_M.uasset" 189
"../../../Engine/Content/EngineSky/T_Sky_Stars.uasset" 190
"../../../Engine/Content/EngineSky/M_Sky_Panning_Clouds2.uasset" 191
"../../../Engine/Content/EngineSky/SM_SkySphere.uasset" 192
"../../../Engine/Content/EngineSky/BP_Sky_Sphere.uasset" 193
"../../../Engine/Content/EditorBlueprintResources/ActorMacros.uasset" 194
"../../../../../../Users/El fideo rubio/Documents/Unreal Projects/JunkRats/Content/MultiplayerTemplate/Blueprints/AllLevels/Maps.uasset" 195
"../../../../../../Users/El fideo rubio/Documents/Unreal Projects/JunkRats/Content/MultiplayerTemplate/Blueprints/MainMenu/WBP_ServerEntry.uasset" 196
"../../../../../../Users/El fideo rubio/Documents/Unreal Projects/JunkRats/Content/MultiplayerTemplate/Blueprints/MainMenu/WBP_ServerList.uasset" 197
"../../../../../../Users/El fideo rubio/Documents/Unreal Projects/JunkRats/Content/MultiplayerTemplate/Blueprints/AllLevels/WBP_ErrorMessage.uasset" 198
"../../../../../../Users/El fideo rubio/Documents/Unreal Projects/JunkRats/Content/MultiplayerTemplate/Blueprints/AllLevels/WBP_LoadingScreen.uasset" 199
"../../../../../../Users/El fideo rubio/Documents/Unreal Projects/JunkRats/Content/MultiplayerTemplate/Blueprints/Lobby/WBP_SessionInvitation.uasset" 200
"../../../../../../Users/El fideo rubio/Documents/Unreal Projects/JunkRats/Content/MultiplayerTemplate/Blueprints/MainMenu/WBP_HostMenu.uasset" 201
"../../../../../../Users/El fideo rubio/Documents/Unreal Projects/JunkRats/Content/MultiplayerTemplate/Blueprints/MainMenu/WBP_MainMenu.uasset" 202
"../../../../../../Users/El fideo rubio/Documents/Unreal Projects/JunkRats/Content/MultiplayerTemplate/Blueprints/MainMenu/WBP_ServerMenu.uasset" 203
"../../../../../../Users/El fideo rubio/Documents/Unreal Projects/JunkRats/Content/MultiplayerTemplate/Blueprints/AllLevels/MultiplayerTemplateGameInstance.uasset" 204
"../../../../../../Users/El fideo rubio/Documents/Unreal Projects/JunkRats/Content/MultiplayerTemplate/Blueprints/AllLevels/WBP_Countdown_Time_ByeBye.uasset" 205
"../../../../../../Users/El fideo rubio/Documents/Unreal Projects/JunkRats/Content/MultiplayerTemplate/Blueprints/AllLevels/WBP_Countdown_Time_Game_Over.uasset" 206
"../../../../../../Users/El fideo rubio/Documents/Unreal Projects/JunkRats/Content/MultiplayerTemplate/Blueprints/AllLevels/WBP_Countdown_Time_Start.uasset" 207
"../../../../../../Users/El fideo rubio/Documents/Unreal Projects/JunkRats/Content/MultiplayerTemplate/Blueprints/Gameplay/WBP_GameplayMenu.uasset" 208
"../../../Engine/Content/VREditor/Devices/Vive/UE4_Logo.uasset" 209
"../../../../../../Users/El fideo rubio/Documents/Unreal Projects/JunkRats/Content/MultiplayerTemplate/Blueprints/AllLevels/PlayerInfo.uasset" 210
"../../../../../../Users/El fideo rubio/Documents/Unreal Projects/JunkRats/Content/MultiplayerTemplate/Blueprints/Lobby/LobbyPlayerController.uasset" 211
"../../../../../../Users/El fideo rubio/Documents/Unreal Projects/JunkRats/Content/MultiplayerTemplate/Blueprints/Lobby/LobbyPlayerState.uasset" 212
"../../../../../../Users/El fideo rubio/Documents/Unreal Projects/JunkRats/Content/MultiplayerTemplate/Blueprints/Lobby/LobbyGameState.uasset" 213
"../../../../../../Users/El fideo rubio/Documents/Unreal Projects/JunkRats/Content/MultiplayerTemplate/Blueprints/Lobby/WBP_Player_Entry.uasset" 214
"../../../../../../Users/El fideo rubio/Documents/Unreal Projects/JunkRats/Content/MultiplayerTemplate/Blueprints/Lobby/WBP_LobbyMenu.uasset" 215
"../../../../../../Users/El fideo rubio/Documents/Unreal Projects/JunkRats/Content/MultiplayerTemplate/Blueprints/Gameplay/GameplayPlayerController.uasset" 216
"../../../../../../Users/El fideo rubio/Documents/Unreal Projects/JunkRats/Content/MultiplayerTemplate/Blueprints/Gameplay/GameplayGameState.uasset" 217
"../../../../../../Users/El fideo rubio/Documents/Unreal Projects/JunkRats/Content/MultiplayerTemplate/Blueprints/Gameplay/GameplayPlayerState.uasset" 218
"../../../../../../Users/El fideo rubio/Documents/Unreal Projects/JunkRats/Content/Mannequin/Character/Mesh/UE4_Mannequin_Skeleton.uasset" 219
"../../../../../../Users/El fideo rubio/Documents/Unreal Projects/JunkRats/Content/Mannequin/Animations/ThirdPerson_Jump.uasset" 220
"../../../../../../Users/El fideo rubio/Documents/Unreal Projects/JunkRats/Content/Mannequin/Animations/ThirdPersonJump_Loop.uasset" 221
"../../../../../../Users/El fideo rubio/Documents/Unreal Projects/JunkRats/Content/Mannequin/Animations/ThirdPersonJump_Start.uasset" 222
"../../../../../../Users/El fideo rubio/Documents/Unreal Projects/JunkRats/Content/Mannequin/Animations/ThirdPersonIdle.uasset" 223
"../../../../../../Users/El fideo rubio/Documents/Unreal Projects/JunkRats/Content/Mannequin/Animations/ThirdPersonRun.uasset" 224
"../../../../../../Users/El fideo rubio/Documents/Unreal Projects/JunkRats/Content/Mannequin/Animations/ThirdPersonWalk.uasset" 225
"../../../../../../Users/El fideo rubio/Documents/Unreal Projects/JunkRats/Content/Mannequin/Animations/ThirdPerson_IdleRun_2D.uasset" 226
"../../../../../../Users/El fideo rubio/Documents/Unreal Projects/JunkRats/Content/Mannequin/Animations/ThirdPerson_AnimBP.uasset" 227
"../../../Engine/Content/Functions/Engine_MaterialFunctions02/Utility/BlendAngleCorrectedNormals.uasset" 228
"../../../Engine/Content/Functions/MaterialLayerFunctions/MatLayerBlend_NormalBlend.uasset" 229
"../../../Engine/Content/Functions/MaterialLayerFunctions/MatLayerBlend_Simple.uasset" 230
"../../../../../../Users/El fideo rubio/Documents/Unreal Projects/JunkRats/Content/Mannequin/Character/Materials/MaterialLayers/T_ML_Rubber_Blue_01_D.uasset" 231
"../../../../../../Users/El fideo rubio/Documents/Unreal Projects/JunkRats/Content/Mannequin/Character/Materials/MaterialLayers/T_ML_Rubber_Blue_01_N.uasset" 232
"../../../../../../Users/El fideo rubio/Documents/Unreal Projects/JunkRats/Content/Mannequin/Character/Materials/MaterialLayers/ML_GlossyBlack_Latex_UE4.uasset" 233
"../../../../../../Users/El fideo rubio/Documents/Unreal Projects/JunkRats/Content/Mannequin/Character/Materials/MaterialLayers/ML_Plastic_Shiny_Beige.uasset" 234
"../../../../../../Users/El fideo rubio/Documents/Unreal Projects/JunkRats/Content/Mannequin/Character/Textures/UE4_LOGO_CARD.uasset" 235
"../../../../../../Users/El fideo rubio/Documents/Unreal Projects/JunkRats/Content/Mannequin/Character/Materials/MaterialLayers/ML_Plastic_Shiny_Beige_LOGO.uasset" 236
"../../../../../../Users/El fideo rubio/Documents/Unreal Projects/JunkRats/Content/Mannequin/Character/Materials/MaterialLayers/T_ML_Aluminum01.uasset" 237
"../../../../../../Users/El fideo rubio/Documents/Unreal Projects/JunkRats/Content/Mannequin/Character/Materials/MaterialLayers/T_ML_Aluminum01_N.uasset" 238
"../../../../../../Users/El fideo rubio/Documents/Unreal Projects/JunkRats/Content/Mannequin/Character/Materials/MaterialLayers/ML_SoftMetal_UE4.uasset" 239
"../../../../../../Users/El fideo rubio/Documents/Unreal Projects/JunkRats/Content/Mannequin/Character/Textures/UE4_Mannequin__normals.uasset" 240
"../../../../../../Users/El fideo rubio/Documents/Unreal Projects/JunkRats/Content/Mannequin/Character/Textures/UE4_Mannequin_MAT_MASKA.uasset" 241
"../../../../../../Users/El fideo rubio/Documents/Unreal Projects/JunkRats/Content/Mannequin/Character/Materials/M_UE4Man_Body.uasset" 242
"../../../../../../Users/El fideo rubio/Documents/Unreal Projects/JunkRats/Content/Mannequin/Character/Textures/UE4Man_Logo_N.uasset" 243
"../../../../../../Users/El fideo rubio/Documents/Unreal Projects/JunkRats/Content/Mannequin/Character/Materials/M_UE4Man_ChestLogo.uasset" 244
"../../../../../../Users/El fideo rubio/Documents/Unreal Projects/JunkRats/Content/Mannequin/Character/Mesh/SK_Mannequin_PhysicsAsset.uasset" 245
"../../../../../../Users/El fideo rubio/Documents/Unreal Projects/JunkRats/Content/Mannequin/Character/Mesh/SK_Mannequin.uasset" 246
"../../../../../../Users/El fideo rubio/Documents/Unreal Projects/JunkRats/Content/ThirdPersonBP/Blueprints/ThirdPersonCharacter.uasset" 247
"../../../../../../Users/El fideo rubio/Documents/Unreal Projects/JunkRats/Content/MultiplayerTemplate/Blueprints/Gameplay/GameplayGameMode.uasset" 248
"../../../../../../Users/El fideo rubio/Documents/Unreal Projects/JunkRats/Content/MultiplayerTemplate/Levels/GameplayMap_BuiltData.uasset" 249
"../../../Engine/Content/BasicShapes/BasicShapeMaterial.uasset" 250
"../../../Engine/Content/BasicShapes/Cylinder.uasset" 251
"../../../Engine/Content/MapTemplates/SM_Template_Map_Floor.uasset" 252
"../../../../../../Users/El fideo rubio/Documents/Unreal Projects/JunkRats/Content/MultiplayerTemplate/Levels/GameplayMap.umap" 253
"../../../../../../Users/El fideo rubio/Documents/Unreal Projects/JunkRats/Content/MultiplayerTemplate/Blueprints/Lobby/LobbyGameMode.uasset" 254
"../../../../../../Users/El fideo rubio/Documents/Unreal Projects/JunkRats/Content/MultiplayerTemplate/Levels/LobbyMap_BuiltData.uasset" 255
"../../../../../../Users/El fideo rubio/Documents/Unreal Projects/JunkRats/Content/MultiplayerTemplate/Levels/LobbyMap.umap" 256
"../../../../../../Users/El fideo rubio/Documents/Unreal Projects/JunkRats/Content/MultiplayerTemplate/Blueprints/MainMenu/MainMenuPlayerController.uasset" 257
"../../../../../../Users/El fideo rubio/Documents/Unreal Projects/JunkRats/Content/MultiplayerTemplate/Blueprints/MainMenu/MainMenuGameMode.uasset" 258
"../../../../../../Users/El fideo rubio/Documents/Unreal Projects/JunkRats/Content/MultiplayerTemplate/Levels/MainMenuMap_BuiltData.uasset" 259
"../../../../../../Users/El fideo rubio/Documents/Unreal Projects/JunkRats/Content/MultiplayerTemplate/Levels/MainMenuMap.umap" 260
"../../../../../../Users/El fideo rubio/Documents/Unreal Projects/JunkRats/Content/MultiplayerTemplate/Levels/TransitionMap.umap" 261
"../../../Engine/Content/Maps/Entry_BuiltData.uasset" 262
"../../../Engine/Content/Maps/Entry.umap" 263
